<?xml version="1.0" encoding="UTF-8"?>
<!-- Generated by org.testng.reporters.JUnitReportReporter -->
<testsuite hostname="DESKTOP-JA1OHE6" failures="0" tests="1" name="restassured1.TestGetMethod" time="4.823" errors="0" timestamp="2025-02-01T17:04:59 IST" skipped="0">
  <testcase classname="restassured1.TestGetMethod" name="pallavimethod" time="4.823"/>
</testsuite> <!-- restassured1.TestGetMethod -->
